<?xml version="1.0" encoding="UTF-8"?>
<testsuite name="hu.bme.mit.ase.passwordchecker.app.MainTest" tests="1" skipped="0" failures="0" errors="0" timestamp="2025-10-09T21:39:45.765Z" hostname="SARANGEREL" time="0.313">
  <properties/>
  <testcase name="appRuns()" classname="hu.bme.mit.ase.passwordchecker.app.MainTest" time="0.313"/>
  <system-out><![CDATA[Strength: STRONG
2025-10-09T21:39:46.068340400Z Test worker ERROR Critical rule DictionaryRule failed, returning WEAKStrength: WEAK
]]></system-out>
  <system-err><![CDATA[]]></system-err>
</testsuite>
