<?xml version="1.0" encoding="UTF-8"?>
<testsuite name="hu.bme.mit.ase.passwordchecker.service.RuleTest" tests="3" skipped="0" failures="0" errors="0" timestamp="2025-10-09T21:39:50.508Z" hostname="SARANGEREL" time="0.86">
  <properties/>
  <testcase name="dictionaryRuleTest()" classname="hu.bme.mit.ase.passwordchecker.service.RuleTest" time="0.853"/>
  <testcase name="characterVarietyRuleTest()" classname="hu.bme.mit.ase.passwordchecker.service.RuleTest" time="0.002"/>
  <testcase name="lengthRuleTest()" classname="hu.bme.mit.ase.passwordchecker.service.RuleTest" time="0.001"/>
  <system-out><![CDATA[]]></system-out>
  <system-err><![CDATA[WARNING: A Java agent has been loaded dynamically (C:\Users\sgere\.gradle\caches\modules-2\files-2.1\net.bytebuddy\byte-buddy-agent\1.14.6\46e2545d7a97b6ccb195621650c5957279eb4812\byte-buddy-agent-1.14.6.jar)
WARNING: If a serviceability tool is in use, please run with -XX:+EnableDynamicAgentLoading to hide this warning
WARNING: If a serviceability tool is not in use, please run with -Djdk.instrument.traceUsage for more information
WARNING: Dynamic loading of agents will be disallowed by default in a future release
]]></system-err>
</testsuite>
