<?xml version="1.0" encoding="UTF-8"?>
<testsuite name="hu.bme.mit.ase.passwordchecker.service.PasswordStrengthCheckerTest" tests="3" skipped="0" failures="0" errors="0" timestamp="2025-10-09T21:39:50.232Z" hostname="SARANGEREL" time="0.272">
  <properties/>
  <testcase name="mediumPasswordFailsNonCriticalRule()" classname="hu.bme.mit.ase.passwordchecker.service.PasswordStrengthCheckerTest" time="0.248"/>
  <testcase name="weakPasswordFailsCriticalRule()" classname="hu.bme.mit.ase.passwordchecker.service.PasswordStrengthCheckerTest" time="0.022"/>
  <testcase name="strongPasswordPassesAllRules()" classname="hu.bme.mit.ase.passwordchecker.service.PasswordStrengthCheckerTest" time="0.001"/>
  <system-out><![CDATA[2025-10-09T21:39:50.501588Z Test worker ERROR Critical rule CharacterVarietyRule failed, returning WEAK]]></system-out>
  <system-err><![CDATA[]]></system-err>
</testsuite>
