<?xml version="1.0" encoding="UTF-8"?>
<testsuite name="hu.bme.mit.ase.passwordchecker.core.PasswordTest" tests="2" skipped="0" failures="0" errors="0" timestamp="2025-10-09T21:39:47.092Z" hostname="SARANGEREL" time="0.027">
  <properties/>
  <testcase name="hasLength()" classname="hu.bme.mit.ase.passwordchecker.core.PasswordTest" time="0.025"/>
  <testcase name="wrapsString()" classname="hu.bme.mit.ase.passwordchecker.core.PasswordTest" time="0.001"/>
  <system-out><![CDATA[]]></system-out>
  <system-err><![CDATA[]]></system-err>
</testsuite>
